<?xml version="1.0" encoding="UTF-8"?>
<testsuite name="ClockReaderTest" tests="10" skipped="0" failures="0" errors="0" timestamp="2023-01-23T20:25:43" hostname="Addys-MacBook-Pro.local" time="0.042">
  <properties/>
  <testcase name="testTwentyTo()" classname="ClockReaderTest" time="0.031"/>
  <testcase name="testMidnight()" classname="ClockReaderTest" time="0.001"/>
  <testcase name="testTwentyPast()" classname="ClockReaderTest" time="0.001"/>
  <testcase name="testMinutesLargerThanTwenty()" classname="ClockReaderTest" time="0.0"/>
  <testcase name="testInvalidInputs()" classname="ClockReaderTest" time="0.004"/>
  <testcase name="testOnTheHour()" classname="ClockReaderTest" time="0.0"/>
  <testcase name="testHalfPast()" classname="ClockReaderTest" time="0.0"/>
  <testcase name="testMidnightAndMinutes()" classname="ClockReaderTest" time="0.001"/>
  <testcase name="testPastTheHour()" classname="ClockReaderTest" time="0.0"/>
  <testcase name="testMidday()" classname="ClockReaderTest" time="0.001"/>
  <system-out><![CDATA[20:25:43.625 [Test worker] WARN ClockReader - Warning: Input should follow format HH:MM
20:25:43.627 [Test worker] WARN ClockReader - Warning: Input should follow format HH:MM
]]></system-out>
  <system-err><![CDATA[]]></system-err>
</testsuite>
